Using pre-set license
Built from '2020.3/staging' branch; Version is '2020.3.16f1 (049d6eca3c44) revision 302446'; Using compiler version '192528614'; Build Type 'Release'
OS: 'Windows 10 Enterprise; OS build 18363.1621; Version 1909; 64bit' Language: 'en' Physical Memory: 32637 MB
BatchMode: 1, IsHumanControllingUs: 0, StartBugReporterOnCrash: 0, Is64bit: 1, IsPro: 0

 COMMAND LINE ARGUMENTS:
D:\UnityVersions\2020.3.16f1\Editor\Unity.exe
-adb2
-batchMode
-noUpm
-name
AssetImportWorker0
-projectPath
D:/Old Unity Projects Pre 2021/AI Custom/My project
-logFile
Logs/AssetImportWorker0.log
-srvPort
54142
Successfully changed project path to: D:/Old Unity Projects Pre 2021/AI Custom/My project
D:/Old Unity Projects Pre 2021/AI Custom/My project
Using Asset Import Pipeline V2.
Refreshing native plugins compatible for Editor in 36.31 ms, found 2 plugins.
Preloading 0 native plugins for Editor in 0.00 ms.
Initialize engine version: 2020.3.16f1 (049d6eca3c44)
[Subsystems] Discovering subsystems at path D:/UnityVersions/2020.3.16f1/Editor/Data/Resources/UnitySubsystems
[Subsystems] Discovering subsystems at path D:/Old Unity Projects Pre 2021/AI Custom/My project/Assets
GfxDevice: creating device client; threaded=0
Direct3D:
    Version:  Direct3D 11.0 [level 11.1]
    Renderer: NVIDIA GeForce GTX 1070 (ID=0x1be1)
    Vendor:   
    VRAM:     8081 MB
    Driver:   25.21.14.2525
Initialize mono
Mono path[0] = 'D:/UnityVersions/2020.3.16f1/Editor/Data/Managed'
Mono path[1] = 'D:/UnityVersions/2020.3.16f1/Editor/Data/MonoBleedingEdge/lib/mono/unityjit'
Mono config path = 'D:/UnityVersions/2020.3.16f1/Editor/Data/MonoBleedingEdge/etc'
Using monoOptions --debugger-agent=transport=dt_socket,embedding=1,server=y,suspend=n,address=127.0.0.1:56792
Begin MonoManager ReloadAssembly
Registering precompiled unity dll's ...
Register platform support module: D:/UnityVersions/2020.3.16f1/Editor/Data/PlaybackEngines/WindowsStandaloneSupport/UnityEditor.WindowsStandalone.Extensions.dll
Registered in 0.001145 seconds.
Native extension for WindowsStandalone target not found
Refreshing native plugins compatible for Editor in 32.78 ms, found 2 plugins.
Preloading 0 native plugins for Editor in 0.00 ms.
Mono: successfully reloaded assembly
- Completed reload, in  1.413 seconds
Domain Reload Profiling:
	ReloadAssembly (1413ms)
		BeginReloadAssembly (80ms)
			ExecutionOrderSort (0ms)
			DisableScriptedObjects (0ms)
			BackupInstance (0ms)
			ReleaseScriptingObjects (0ms)
			CreateAndSetChildDomain (1ms)
		EndReloadAssembly (492ms)
			LoadAssemblies (80ms)
			RebuildTransferFunctionScriptingTraits (0ms)
			SetupTypeCache (178ms)
			ReleaseScriptCaches (0ms)
			RebuildScriptCaches (40ms)
			SetupLoadedEditorAssemblies (185ms)
				LogAssemblyErrors (0ms)
				InitializePlatformSupportModulesInManaged (4ms)
				SetLoadedEditorAssemblies (0ms)
				RefreshPlugins (33ms)
				BeforeProcessingInitializeOnLoad (17ms)
				ProcessInitializeOnLoadAttributes (98ms)
				ProcessInitializeOnLoadMethodAttributes (32ms)
				AfterProcessingInitializeOnLoad (0ms)
				EditorAssembliesLoaded (0ms)
			ExecutionOrderSort2 (0ms)
			AwakeInstancesAfterBackupRestoration (0ms)
Platform modules already initialized, skipping
Registering precompiled user dll's ...
Registered in 0.005118 seconds.
Begin MonoManager ReloadAssembly
Native extension for WindowsStandalone target not found
Refreshing native plugins compatible for Editor in 0.32 ms, found 2 plugins.
Preloading 0 native plugins for Editor in 0.00 ms.
Mono: successfully reloaded assembly
- Completed reload, in  1.339 seconds
Domain Reload Profiling:
	ReloadAssembly (1340ms)
		BeginReloadAssembly (200ms)
			ExecutionOrderSort (0ms)
			DisableScriptedObjects (5ms)
			BackupInstance (0ms)
			ReleaseScriptingObjects (0ms)
			CreateAndSetChildDomain (24ms)
		EndReloadAssembly (1048ms)
			LoadAssemblies (145ms)
			RebuildTransferFunctionScriptingTraits (0ms)
			SetupTypeCache (331ms)
			ReleaseScriptCaches (0ms)
			RebuildScriptCaches (61ms)
			SetupLoadedEditorAssemblies (428ms)
				LogAssemblyErrors (0ms)
				InitializePlatformSupportModulesInManaged (5ms)
				SetLoadedEditorAssemblies (1ms)
				RefreshPlugins (0ms)
				BeforeProcessingInitializeOnLoad (78ms)
				ProcessInitializeOnLoadAttributes (336ms)
				ProcessInitializeOnLoadMethodAttributes (5ms)
				AfterProcessingInitializeOnLoad (2ms)
				EditorAssembliesLoaded (0ms)
			ExecutionOrderSort2 (0ms)
			AwakeInstancesAfterBackupRestoration (7ms)
Platform modules already initialized, skipping
========================================================================
Worker process is ready to serve import requests
Launched and connected shader compiler UnityShaderCompiler.exe after 0.09 seconds
Refreshing native plugins compatible for Editor in 0.64 ms, found 2 plugins.
Preloading 0 native plugins for Editor in 0.00 ms.
Unloading 1410 Unused Serialized files (Serialized files now loaded: 0)
System memory in use before: 65.6 MB.
System memory in use after: 65.7 MB.

Unloading 18 unused Assets to reduce memory usage. Loaded Objects now: 1844.
Total: 3.108600 ms (FindLiveObjects: 0.168000 ms CreateObjectMapping: 0.060900 ms MarkObjects: 2.766000 ms  DeleteObjects: 0.112500 ms)

AssetImportParameters requested are different than current active one (requested -> active):
  custom:framework-win-MediaFoundation: 216162199b28c13a410421893ffa2e32 -> 
  custom:video-decoder-ogg-theora: a1e56fd34408186e4bbccfd4996cb3dc -> 
  custom:container-muxer-webm: aa71ff27fc2769a1b78a27578f13a17b -> 
  custom:container-demuxer-webm: 4f35f7cbe854078d1ac9338744f61a02 -> 
  custom:container-demuxer-ogg: 62fdf1f143b41e24485cea50d1cbac27 -> 
  custom:video-encoder-webm-vp8: eb34c28f22e8b96e1ab97ce403110664 -> 
  custom:video-decoder-webm-vp8: 9c59270c3fd7afecdb556c50c9e8de78 -> 
  custom:audio-decoder-ogg-vorbis: bf7c407c2cedff20999df2af8eb42d56 -> 
  custom:audio-encoder-webm-vorbis: bf7c407c2cedff20999df2af8eb42d56 -> 
========================================================================
Received Import Request.
  path: Assets/BehaviorTree/Leaf.cs
  artifactKey: Guid(bebca89887dea20498d66702d88f6260) Importer(815301076,1909f56bfc062723c751e8b465ee728b)
Start importing Assets/BehaviorTree/Leaf.cs using Guid(bebca89887dea20498d66702d88f6260) Importer(815301076,1909f56bfc062723c751e8b465ee728b)  -> (artifact id: '8cca347260619d9b9747e8a036a9c1a6') in 0.038982 seconds 
  Import took 0.041263 seconds .

========================================================================
Received Import Request.
  Time since last request: 0.000230 seconds.
  path: Assets/BehaviorTree/Node.cs
  artifactKey: Guid(61f7e3388f12cc14996fcaae0d7ca7d8) Importer(815301076,1909f56bfc062723c751e8b465ee728b)
Start importing Assets/BehaviorTree/Node.cs using Guid(61f7e3388f12cc14996fcaae0d7ca7d8) Importer(815301076,1909f56bfc062723c751e8b465ee728b)  -> (artifact id: 'fcfe4c0c6782a91811d789fe2d30d869') in 0.049133 seconds 
  Import took 0.052221 seconds .

========================================================================
Received Import Request.
  Time since last request: 395.324181 seconds.
  path: Assets/BehaviorTree/Sequence.cs
  artifactKey: Guid(8cf147472a4d7f54e8f96ef4257d1b6b) Importer(815301076,1909f56bfc062723c751e8b465ee728b)
Start importing Assets/BehaviorTree/Sequence.cs using Guid(8cf147472a4d7f54e8f96ef4257d1b6b) Importer(815301076,1909f56bfc062723c751e8b465ee728b)  -> (artifact id: 'c242143aaf4a426588e7e20a19571721') in 0.039605 seconds 
  Import took 0.042652 seconds .

========================================================================
Received Import Request.
  Time since last request: 32.878251 seconds.
  path: Assets/BehaviorTree/RobberBehavior.cs
  artifactKey: Guid(7aeae82b1eaab744f992229ef1168da3) Importer(815301076,1909f56bfc062723c751e8b465ee728b)
Start importing Assets/BehaviorTree/RobberBehavior.cs using Guid(7aeae82b1eaab744f992229ef1168da3) Importer(815301076,1909f56bfc062723c751e8b465ee728b)  -> (artifact id: 'bec01fbcb30c97ef38e60d7d5ace5961') in 0.010183 seconds 
  Import took 0.013054 seconds .

========================================================================
Received Import Request.
  Time since last request: 966.821656 seconds.
  path: Assets/BTree.unity
  artifactKey: Guid(a41b0310b7ee342e3a9cc4bf20720683) Importer(815301076,1909f56bfc062723c751e8b465ee728b)
Start importing Assets/BTree.unity using Guid(a41b0310b7ee342e3a9cc4bf20720683) Importer(815301076,1909f56bfc062723c751e8b465ee728b)  -> (artifact id: 'e903fd65995d5e777c6843e197eda1a1') in 0.020671 seconds 
  Import took 0.023800 seconds .

========================================================================
Received Import Request.
  Time since last request: 136.355833 seconds.
  path: Assets/StealEnv.prefab
  artifactKey: Guid(b0e08b2dcf2c08641ae121cf8252be59) Importer(815301076,1909f56bfc062723c751e8b465ee728b)
Start importing Assets/StealEnv.prefab using Guid(b0e08b2dcf2c08641ae121cf8252be59) Importer(815301076,1909f56bfc062723c751e8b465ee728b)  -> (artifact id: '0a67ee3b5f642d7856abff9ef82e3ed8') in 0.138549 seconds 
  Import took 0.142188 seconds .

========================================================================
Received Import Request.
  Time since last request: 34.980099 seconds.
  path: Assets/Models/Materials/lightFront.mat
  artifactKey: Guid(228197076099e44d1bd4cdccefb79ba3) Importer(815301076,1909f56bfc062723c751e8b465ee728b)
Start importing Assets/Models/Materials/lightFront.mat using Guid(228197076099e44d1bd4cdccefb79ba3) Importer(815301076,1909f56bfc062723c751e8b465ee728b)  -> (artifact id: 'd57c3eb0ce39cc3c73a9f0aba1f74a8f') in 0.058575 seconds 
  Import took 0.062032 seconds .

========================================================================
Received Import Request.
  Time since last request: 0.020886 seconds.
  path: Assets/Materials/Black.mat
  artifactKey: Guid(53c331c64da8d4a74839d845515fd763) Importer(815301076,1909f56bfc062723c751e8b465ee728b)
Start importing Assets/Materials/Black.mat using Guid(53c331c64da8d4a74839d845515fd763) Importer(815301076,1909f56bfc062723c751e8b465ee728b)  -> (artifact id: '0f1c58fedfbbfdc6ce9deddd79e1b4a4') in 0.018090 seconds 
  Import took 0.021456 seconds .

========================================================================
Received Import Request.
  Time since last request: 0.010273 seconds.
  path: Assets/Models/Materials/Materials/holisticgothic.mat
  artifactKey: Guid(fcd4606ea3e104a258be13d157048ae6) Importer(815301076,1909f56bfc062723c751e8b465ee728b)
Start importing Assets/Models/Materials/Materials/holisticgothic.mat using Guid(fcd4606ea3e104a258be13d157048ae6) Importer(815301076,1909f56bfc062723c751e8b465ee728b)  -> (artifact id: '34776e4755e0d93ec1274401be39260e') in 0.015233 seconds 
  Import took 0.018449 seconds .

========================================================================
Received Import Request.
  Time since last request: 0.010481 seconds.
  path: Assets/Models/Materials/Materials/mondrian.mat
  artifactKey: Guid(44391e821b28641769d3ba17760d3f68) Importer(815301076,1909f56bfc062723c751e8b465ee728b)
Start importing Assets/Models/Materials/Materials/mondrian.mat using Guid(44391e821b28641769d3ba17760d3f68) Importer(815301076,1909f56bfc062723c751e8b465ee728b)  -> (artifact id: '5bc66603be27dd93e88951f7cf6d9c81') in 0.016614 seconds 
  Import took 0.039182 seconds .

========================================================================
Received Import Request.
  Time since last request: 0.021952 seconds.
  path: Assets/Models/logopurple.png
  artifactKey: Guid(9cf3bbe5e6f9d4834bc4cd491a17a2a8) Importer(815301076,1909f56bfc062723c751e8b465ee728b)
Start importing Assets/Models/logopurple.png using Guid(9cf3bbe5e6f9d4834bc4cd491a17a2a8) Importer(815301076,1909f56bfc062723c751e8b465ee728b)  -> (artifact id: 'a88e877072fa39c545857e1db38b16ea') in 0.117310 seconds 
  Import took 0.120779 seconds .

========================================================================
Received Import Request.
  Time since last request: 0.029055 seconds.
  path: Assets/Models/H3DDiamond.fbx
  artifactKey: Guid(a5028766c6c2448878d200bb33de1f59) Importer(815301076,1909f56bfc062723c751e8b465ee728b)
Start importing Assets/Models/H3DDiamond.fbx using Guid(a5028766c6c2448878d200bb33de1f59) Importer(815301076,1909f56bfc062723c751e8b465ee728b)  -> (artifact id: 'a0bc30afb1e1a3862136a590552dc59a') in 0.065956 seconds 
  Import took 0.069000 seconds .

========================================================================
Received Import Request.
  Time since last request: 0.030805 seconds.
  path: Assets/Models/van.fbx
  artifactKey: Guid(647a124cd5c1147a793fcacc25f6be1a) Importer(815301076,1909f56bfc062723c751e8b465ee728b)
Start importing Assets/Models/van.fbx using Guid(647a124cd5c1147a793fcacc25f6be1a) Importer(815301076,1909f56bfc062723c751e8b465ee728b)  -> (artifact id: '23dc3fb17463993c2db36d88fa01d41e') in 0.057834 seconds 
  Import took 0.076265 seconds .

========================================================================
Received Import Request.
  Time since last request: 0.037889 seconds.
  path: Assets/Models/Materials/Materials/waterlillies.mat
  artifactKey: Guid(08c1541fe2ff842409b07b0c37b16b67) Importer(815301076,1909f56bfc062723c751e8b465ee728b)
Start importing Assets/Models/Materials/Materials/waterlillies.mat using Guid(08c1541fe2ff842409b07b0c37b16b67) Importer(815301076,1909f56bfc062723c751e8b465ee728b)  -> (artifact id: '6f2af8b1dfc07074d9e961d3ddd04fd6') in 0.016262 seconds 
  Import took 0.020368 seconds .

========================================================================
Received Import Request.
  Time since last request: 0.037245 seconds.
  path: Assets/Models/Materials/waterlillies.png
  artifactKey: Guid(1a183a3a0d052455d91c9bb5cbe4d0ba) Importer(815301076,1909f56bfc062723c751e8b465ee728b)
Start importing Assets/Models/Materials/waterlillies.png using Guid(1a183a3a0d052455d91c9bb5cbe4d0ba) Importer(815301076,1909f56bfc062723c751e8b465ee728b)  -> (artifact id: '5cf3972e12b04cfe9aedad8934139e3f') in 0.013991 seconds 
  Import took 0.017219 seconds .

========================================================================
Received Import Request.
  Time since last request: 0.010915 seconds.
  path: Assets/Models/Materials/window.mat
  artifactKey: Guid(a7cbeb5af4e914a25906e7fb41f3891a) Importer(815301076,1909f56bfc062723c751e8b465ee728b)
Start importing Assets/Models/Materials/window.mat using Guid(a7cbeb5af4e914a25906e7fb41f3891a) Importer(815301076,1909f56bfc062723c751e8b465ee728b)  -> (artifact id: '26b06a2fc500562b41a2e3d8e011492d') in 0.014819 seconds 
  Import took 0.018418 seconds .

========================================================================
Received Import Request.
  Time since last request: 0.016226 seconds.
  path: Assets/Models/Materials/mondrian.png
  artifactKey: Guid(6763fb7d1fc6440beb0c041ec00b2090) Importer(815301076,1909f56bfc062723c751e8b465ee728b)
Start importing Assets/Models/Materials/mondrian.png using Guid(6763fb7d1fc6440beb0c041ec00b2090) Importer(815301076,1909f56bfc062723c751e8b465ee728b)  -> (artifact id: '9a54f5fecc92da2f81b67b0c2efb7187') in 0.013090 seconds 
  Import took 0.016471 seconds .

========================================================================
Received Import Request.
  Time since last request: 0.026830 seconds.
  path: Assets/Models/Materials/_defaultMat.mat
  artifactKey: Guid(9a2437e23fde9459787225ad14fa6aed) Importer(815301076,1909f56bfc062723c751e8b465ee728b)
Start importing Assets/Models/Materials/_defaultMat.mat using Guid(9a2437e23fde9459787225ad14fa6aed) Importer(815301076,1909f56bfc062723c751e8b465ee728b)  -> (artifact id: 'dd108ce3de914950e38dd9b3d7d54abb') in 0.013503 seconds 
  Import took 0.026661 seconds .

========================================================================
Received Import Request.
  Time since last request: 0.008863 seconds.
  path: Assets/Models/Materials/gold.mat
  artifactKey: Guid(9f635dc4ebb41442eaf783b0f2ec5f14) Importer(815301076,1909f56bfc062723c751e8b465ee728b)
Start importing Assets/Models/Materials/gold.mat using Guid(9f635dc4ebb41442eaf783b0f2ec5f14) Importer(815301076,1909f56bfc062723c751e8b465ee728b)  -> (artifact id: 'd01bc09bd1e6b840045356c5f23b964d') in 0.020788 seconds 
  Import took 0.023898 seconds .

========================================================================
Received Import Request.
  Time since last request: 0.041673 seconds.
  path: Assets/Models/Materials/pennylisa.png
  artifactKey: Guid(0e0c699960f4f43f4b09cb1307e9d1e4) Importer(815301076,1909f56bfc062723c751e8b465ee728b)
Start importing Assets/Models/Materials/pennylisa.png using Guid(0e0c699960f4f43f4b09cb1307e9d1e4) Importer(815301076,1909f56bfc062723c751e8b465ee728b)  -> (artifact id: '7dbd0d8ba1714b10ccc9c7703eb25c3c') in 0.012692 seconds 
  Import took 0.015856 seconds .

========================================================================
Received Import Request.
  Time since last request: 0.008986 seconds.
  path: Assets/Models/Materials/pennylisa.mat
  artifactKey: Guid(dc7a237d8e8444d8daa212511167fb90) Importer(815301076,1909f56bfc062723c751e8b465ee728b)
Start importing Assets/Models/Materials/pennylisa.mat using Guid(dc7a237d8e8444d8daa212511167fb90) Importer(815301076,1909f56bfc062723c751e8b465ee728b)  -> (artifact id: '24bdda5e8beba71e50d814a5e4b6897d') in 0.013543 seconds 
  Import took 0.016633 seconds .

========================================================================
Received Import Request.
  Time since last request: 0.024601 seconds.
  path: Assets/Models/Materials/cafe.png
  artifactKey: Guid(adfd563dbf3c447c7ae53d0df7475738) Importer(815301076,1909f56bfc062723c751e8b465ee728b)
Start importing Assets/Models/Materials/cafe.png using Guid(adfd563dbf3c447c7ae53d0df7475738) Importer(815301076,1909f56bfc062723c751e8b465ee728b)  -> (artifact id: 'f1ff10d8f71f7dcbb3503a853a0bb257') in 0.011830 seconds 
  Import took 0.015096 seconds .

========================================================================
Received Import Request.
  Time since last request: 0.009548 seconds.
  path: Assets/Materials/TexturesCom_Marble_TilesDiagonal_512_albedo.mat
  artifactKey: Guid(958448c5c075b4f60a4801dcf01e316e) Importer(815301076,1909f56bfc062723c751e8b465ee728b)
Start importing Assets/Materials/TexturesCom_Marble_TilesDiagonal_512_albedo.mat using Guid(958448c5c075b4f60a4801dcf01e316e) Importer(815301076,1909f56bfc062723c751e8b465ee728b)  -> (artifact id: 'e5867ef63e8c0940e061388adb212035') in 0.015271 seconds 
  Import took 0.018146 seconds .

========================================================================
Received Import Request.
  Time since last request: 0.008623 seconds.
  path: Assets/Models/Materials/DoorGreen.mat
  artifactKey: Guid(ec52b437c6ac44233bed25782d033875) Importer(815301076,1909f56bfc062723c751e8b465ee728b)
Start importing Assets/Models/Materials/DoorGreen.mat using Guid(ec52b437c6ac44233bed25782d033875) Importer(815301076,1909f56bfc062723c751e8b465ee728b)  -> (artifact id: 'cfdb3dbd083f6ce70711a22a0fde879d') in 0.014954 seconds 
  Import took 0.017571 seconds .

========================================================================
Received Import Request.
  Time since last request: 0.034594 seconds.
  path: Assets/Textures/TexturesCom_Marble_TilesDiagonal_512_albedo.tif
  artifactKey: Guid(320e84e25183449b5882546b3559dd5c) Importer(815301076,1909f56bfc062723c751e8b465ee728b)
Start importing Assets/Textures/TexturesCom_Marble_TilesDiagonal_512_albedo.tif using Guid(320e84e25183449b5882546b3559dd5c) Importer(815301076,1909f56bfc062723c751e8b465ee728b)  -> (artifact id: 'dedbdc257dddd5e75ec5bd0198649293') in 0.034062 seconds 
  Import took 0.046960 seconds .

========================================================================
Received Import Request.
  Time since last request: 0.009411 seconds.
  path: Assets/Models/Materials/Materials/3DLogoSillouetteWhiteOnPurple.mat
  artifactKey: Guid(1fd3cca59fdab4d29a555a18df5609d1) Importer(815301076,1909f56bfc062723c751e8b465ee728b)
Start importing Assets/Models/Materials/Materials/3DLogoSillouetteWhiteOnPurple.mat using Guid(1fd3cca59fdab4d29a555a18df5609d1) Importer(815301076,1909f56bfc062723c751e8b465ee728b)  -> (artifact id: '3e8828f097a68abed0a83e435a15fa35') in 0.014924 seconds 
  Import took 0.018212 seconds .

========================================================================
Received Import Request.
  Time since last request: 0.010091 seconds.
  path: Assets/Models/Materials/lightBack.mat
  artifactKey: Guid(1ccea98de91e5463498492ffd0067289) Importer(815301076,1909f56bfc062723c751e8b465ee728b)
Start importing Assets/Models/Materials/lightBack.mat using Guid(1ccea98de91e5463498492ffd0067289) Importer(815301076,1909f56bfc062723c751e8b465ee728b)  -> (artifact id: 'a8f592e8beb15379dd116d19077d83cb') in 0.013383 seconds 
  Import took 0.016048 seconds .

========================================================================
Received Import Request.
  Time since last request: 0.038845 seconds.
  path: Assets/Textures/TexturesCom_Marble_TilesDiagonal_512_roughness.tif
  artifactKey: Guid(b660c2bf655994fe9804d72186051247) Importer(815301076,1909f56bfc062723c751e8b465ee728b)
Start importing Assets/Textures/TexturesCom_Marble_TilesDiagonal_512_roughness.tif using Guid(b660c2bf655994fe9804d72186051247) Importer(815301076,1909f56bfc062723c751e8b465ee728b)  -> (artifact id: 'b0811eeae97cb2afd0623d3080d18a9e') in 0.011390 seconds 
  Import took 0.013861 seconds .

========================================================================
Received Import Request.
  Time since last request: 0.018048 seconds.
  path: Assets/Models/Materials/plastic.mat
  artifactKey: Guid(a01a3a494256e4496b6b7210a94b03ad) Importer(815301076,1909f56bfc062723c751e8b465ee728b)
Start importing Assets/Models/Materials/plastic.mat using Guid(a01a3a494256e4496b6b7210a94b03ad) Importer(815301076,1909f56bfc062723c751e8b465ee728b)  -> (artifact id: '341fbf157b08e5958c02e8e8f5695385') in 0.011540 seconds 
  Import took 0.014078 seconds .

========================================================================
Received Import Request.
  Time since last request: 0.059583 seconds.
  path: Assets/Models/Materials/carTire.mat
  artifactKey: Guid(6a66db7d607b2412c95ec57609cfc6b1) Importer(815301076,1909f56bfc062723c751e8b465ee728b)
Start importing Assets/Models/Materials/carTire.mat using Guid(6a66db7d607b2412c95ec57609cfc6b1) Importer(815301076,1909f56bfc062723c751e8b465ee728b)  -> (artifact id: '8c4fd3bf8392b809d6af9ea846b7454f') in 0.017205 seconds 
  Import took 0.021617 seconds .

========================================================================
Received Import Request.
  Time since last request: 0.012455 seconds.
  path: Assets/Models/Materials/Materials/sunflowers.mat
  artifactKey: Guid(1fee6b3f90ba24892a7decef19ab7727) Importer(815301076,1909f56bfc062723c751e8b465ee728b)
Start importing Assets/Models/Materials/Materials/sunflowers.mat using Guid(1fee6b3f90ba24892a7decef19ab7727) Importer(815301076,1909f56bfc062723c751e8b465ee728b)  -> (artifact id: '4ad42c85b0b13193465d0e90f346d390') in 0.014254 seconds 
  Import took 0.017010 seconds .

========================================================================
Received Import Request.
  Time since last request: 0.025972 seconds.
  path: Assets/Models/Materials/face.png
  artifactKey: Guid(7094f7cf4d29e48979d29f940eb28344) Importer(815301076,1909f56bfc062723c751e8b465ee728b)
Start importing Assets/Models/Materials/face.png using Guid(7094f7cf4d29e48979d29f940eb28344) Importer(815301076,1909f56bfc062723c751e8b465ee728b)  -> (artifact id: '0b9a2c055f99db05ba4dbbfe99b8666e') in 0.010596 seconds 
  Import took 0.013163 seconds .

========================================================================
Received Import Request.
  Time since last request: 0.056176 seconds.
  path: Assets/Models/Materials/3DLogoSillouetteWhiteOnPurple.png
  artifactKey: Guid(96e96b17f8e194b9f92b8276be95ac4e) Importer(815301076,1909f56bfc062723c751e8b465ee728b)
Start importing Assets/Models/Materials/3DLogoSillouetteWhiteOnPurple.png using Guid(96e96b17f8e194b9f92b8276be95ac4e) Importer(815301076,1909f56bfc062723c751e8b465ee728b)  -> (artifact id: '0bcb74f3dd853e9d8a17918d9ab81637') in 0.010516 seconds 
  Import took 0.012993 seconds .

========================================================================
Received Import Request.
  Time since last request: 0.080811 seconds.
  path: Assets/Textures/TexturesCom_Marble_TilesDiagonal_512_normal.tif
  artifactKey: Guid(2d5727d5a2f2240f3ab4b8dd5e41a63d) Importer(815301076,1909f56bfc062723c751e8b465ee728b)
Start importing Assets/Textures/TexturesCom_Marble_TilesDiagonal_512_normal.tif using Guid(2d5727d5a2f2240f3ab4b8dd5e41a63d) Importer(815301076,1909f56bfc062723c751e8b465ee728b)  -> (artifact id: 'e3609621a00b000a8628279d7ab16d80') in 0.019364 seconds 
  Import took 0.023128 seconds .

========================================================================
Received Import Request.
  Time since last request: 0.056478 seconds.
  path: Assets/Models/Materials/sunflowers.png
  artifactKey: Guid(074738b25a0074ad8bf93c19f9c812a5) Importer(815301076,1909f56bfc062723c751e8b465ee728b)
Start importing Assets/Models/Materials/sunflowers.png using Guid(074738b25a0074ad8bf93c19f9c812a5) Importer(815301076,1909f56bfc062723c751e8b465ee728b)  -> (artifact id: 'b9f010a7a62691c47ed433d51859db9e') in 0.014515 seconds 
  Import took 0.018074 seconds .

========================================================================
Received Import Request.
  Time since last request: 0.091311 seconds.
  path: Assets/Models/Materials/holisticgothic.png
  artifactKey: Guid(055f19951eea94e348fdc1e9834eb2de) Importer(815301076,1909f56bfc062723c751e8b465ee728b)
Start importing Assets/Models/Materials/holisticgothic.png using Guid(055f19951eea94e348fdc1e9834eb2de) Importer(815301076,1909f56bfc062723c751e8b465ee728b)  -> (artifact id: 'a7eedf4f9ad3e8dcf24bbfee769efc1e') in 0.013130 seconds 
  Import took 0.034008 seconds .

========================================================================
Received Import Request.
  Time since last request: 0.015603 seconds.
  path: Assets/Models/Materials/Materials/face.mat
  artifactKey: Guid(6ac0491d69180485892eae102648dfc2) Importer(815301076,1909f56bfc062723c751e8b465ee728b)
Start importing Assets/Models/Materials/Materials/face.mat using Guid(6ac0491d69180485892eae102648dfc2) Importer(815301076,1909f56bfc062723c751e8b465ee728b)  -> (artifact id: '71cbf98933d3b11e6cdbbd6ba889d2ef') in 0.012968 seconds 
  Import took 0.015617 seconds .

========================================================================
Received Import Request.
  Time since last request: 0.008803 seconds.
  path: Assets/Models/Materials/Materials/cafe.mat
  artifactKey: Guid(17d6e0430b81b483387af31038ace1e9) Importer(815301076,1909f56bfc062723c751e8b465ee728b)
Start importing Assets/Models/Materials/Materials/cafe.mat using Guid(17d6e0430b81b483387af31038ace1e9) Importer(815301076,1909f56bfc062723c751e8b465ee728b)  -> (artifact id: '9479493c0d32f746144d19faf22ef5ba') in 0.012614 seconds 
  Import took 0.015327 seconds .

========================================================================
Received Import Request.
  Time since last request: 0.012341 seconds.
  path: Assets/Models/Rotate.cs
  artifactKey: Guid(bfb770d4d1d6d4eb6b4c8a9b679cb7d7) Importer(815301076,1909f56bfc062723c751e8b465ee728b)
Start importing Assets/Models/Rotate.cs using Guid(bfb770d4d1d6d4eb6b4c8a9b679cb7d7) Importer(815301076,1909f56bfc062723c751e8b465ee728b)  -> (artifact id: 'a4a08292c8d3bddca07184de3a5eb504') in 0.007884 seconds 
  Import took 0.011126 seconds .

========================================================================
Received Import Request.
  Time since last request: 0.008037 seconds.
  path: Assets/Models/Materials/paintBlue.mat
  artifactKey: Guid(8fe02bf4b5a604518b0dd367a6312b04) Importer(815301076,1909f56bfc062723c751e8b465ee728b)
Start importing Assets/Models/Materials/paintBlue.mat using Guid(8fe02bf4b5a604518b0dd367a6312b04) Importer(815301076,1909f56bfc062723c751e8b465ee728b)  -> (artifact id: 'cffcc37c553fc11f3476299e290b0e6d') in 0.012627 seconds 
  Import took 0.015700 seconds .

========================================================================
Received Import Request.
  Time since last request: 0.008863 seconds.
  path: Assets/Models/Materials/logopurple.mat
  artifactKey: Guid(fd2a220c8588d489ab78f9090d4408ed) Importer(815301076,1909f56bfc062723c751e8b465ee728b)
Start importing Assets/Models/Materials/logopurple.mat using Guid(fd2a220c8588d489ab78f9090d4408ed) Importer(815301076,1909f56bfc062723c751e8b465ee728b)  -> (artifact id: '3dadf80d454a2cd6b5bb1c34f5321903') in 0.013537 seconds 
  Import took 0.016191 seconds .

========================================================================
Received Import Request.
  Time since last request: 0.034283 seconds.
  path: Assets/Textures/TexturesCom_Marble_TilesDiagonal_512_height.tif
  artifactKey: Guid(9f01b772434a14070a68eb9888191807) Importer(815301076,1909f56bfc062723c751e8b465ee728b)
Start importing Assets/Textures/TexturesCom_Marble_TilesDiagonal_512_height.tif using Guid(9f01b772434a14070a68eb9888191807) Importer(815301076,1909f56bfc062723c751e8b465ee728b)  -> (artifact id: '419ba41b1419f492b414acf3ecb9d1f6') in 0.011436 seconds 
  Import took 0.014176 seconds .

AssetImportWorkerClient::OnTransportError - code=2 error=End of file
